<?xml version="1.0" encoding="UTF-8"?>
<testng-results skipped="0" failed="0" ignored="0" total="1" passed="1">
  <reporter-output>
  </reporter-output>
  <suite name="Suite" duration-ms="23364" started-at="2020-03-24T16:26:56Z" finished-at="2020-03-24T16:27:19Z">
    <groups>
    </groups>
    <test name="SendEmailTest" duration-ms="23364" started-at="2020-03-24T16:26:56Z" finished-at="2020-03-24T16:27:19Z">
      <class name="tests.SendEmailTest">
        <test-method status="PASS" signature="setup()[pri:0, instance:tests.SendEmailTest@73c60324]" name="setup" is-config="true" duration-ms="11304" started-at="2020-03-24T16:26:56Z" finished-at="2020-03-24T16:27:07Z">
          <reporter-output>
          </reporter-output>
        </test-method> <!-- setup -->
        <test-method status="PASS" signature="checkingLoginToTheEmailAndSendingTheMail()[pri:0, instance:tests.SendEmailTest@73c60324]" name="checkingLoginToTheEmailAndSendingTheMail" duration-ms="11059" started-at="2020-03-24T16:27:07Z" description="Checking login to the email and sending the mail" finished-at="2020-03-24T16:27:18Z">
          <reporter-output>
          </reporter-output>
        </test-method> <!-- checkingLoginToTheEmailAndSendingTheMail -->
        <test-method status="PASS" signature="teardown()[pri:0, instance:tests.SendEmailTest@73c60324]" name="teardown" is-config="true" duration-ms="735" started-at="2020-03-24T16:27:18Z" finished-at="2020-03-24T16:27:19Z">
          <reporter-output>
          </reporter-output>
        </test-method> <!-- teardown -->
      </class> <!-- tests.SendEmailTest -->
    </test> <!-- SendEmailTest -->
  </suite> <!-- Suite -->
</testng-results>
